<?xml version="1.0" encoding="UTF-8"?>
<!-- Generated by org.testng.reporters.JUnitReportReporter -->
<testsuite hostname="IN-PG02A6JS" failures="0" tests="1" name="assignment.testcases.AddItemToCartTest" time="2.294" errors="0" timestamp="2023-07-20T13:27:55 IST" skipped="0">
  <testcase classname="assignment.testcases.AddItemToCartTest" name="addItemToCart" time="2.294"/>
  <system-out/>
</testsuite> <!-- assignment.testcases.AddItemToCartTest -->
