<?xml version="1.0" encoding="UTF-8"?>
<!-- Generated by org.testng.reporters.JUnitReportReporter -->
<testsuite hostname="IN-PG02A6JS" failures="0" tests="1" name="assignment.testcases.AddPinCodeTest" time="1.745" errors="0" timestamp="2023-07-20T13:27:55 IST" skipped="0">
  <testcase classname="assignment.testcases.AddPinCodeTest" name="addPinCode" time="1.745"/>
  <system-out/>
</testsuite> <!-- assignment.testcases.AddPinCodeTest -->
