<?xml version="1.0" encoding="UTF-8"?>
<!-- Generated by org.testng.reporters.JUnitReportReporter -->
<testsuite hostname="IN-PG02A6JS" failures="0" tests="1" name="assignment.testcases.LoginTest" time="4.149" errors="0" timestamp="2023-07-21T10:59:57 IST" skipped="0">
  <testcase classname="assignment.testcases.LoginTest" name="login" time="4.149"/>
  <system-out/>
</testsuite> <!-- assignment.testcases.LoginTest -->
