<?xml version="1.0" encoding="UTF-8"?>
<!-- Generated by org.testng.reporters.JUnitReportReporter -->
<testsuite hostname="IN-PG02A6JS" failures="0" tests="1" name="assignment.testcases.NewReleaseProductTest" time="3.293" errors="0" timestamp="2023-07-21T10:59:34 IST" skipped="0">
  <testcase classname="assignment.testcases.NewReleaseProductTest" name="newReleaseProduct" time="3.293"/>
  <system-out/>
</testsuite> <!-- assignment.testcases.NewReleaseProductTest -->
