<?xml version="1.0" encoding="UTF-8"?>
<!-- Generated by org.testng.reporters.JUnitReportReporter -->
<testsuite hostname="IN-PG02A6JS" failures="0" tests="1" name="assignment.testcases.NewReleaseProductTest" time="2.943" errors="0" timestamp="2023-07-20T13:27:55 IST" skipped="0">
  <testcase classname="assignment.testcases.NewReleaseProductTest" name="newReleaseProduct" time="2.943"/>
  <system-out/>
</testsuite> <!-- assignment.testcases.NewReleaseProductTest -->
