<?xml version="1.0" encoding="UTF-8"?>
<!-- Generated by org.testng.reporters.JUnitReportReporter -->
<testsuite hostname="IN-PG02A6JS" failures="0" tests="1" name="assignment.testcases.AddPinCodeTest" time="0.986" errors="0" timestamp="2023-07-21T10:59:34 IST" skipped="0">
  <testcase classname="assignment.testcases.AddPinCodeTest" name="addPinCode" time="0.986"/>
  <system-out/>
</testsuite> <!-- assignment.testcases.AddPinCodeTest -->
